<?xml version="1.0" encoding="UTF-8"?>
<!-- Generated by org.testng.reporters.JUnitXMLReporter -->
<testsuite ignored="3" hostname="DESKTOP-7H7RBS5" failures="0" tests="2" name="Sanity Test" time="8.548" errors="0" timestamp="2023-06-20T13:17:58 CDT">
  <testcase classname="com.qa.testcases.SearchPageTest" name="verifySearchWithInvalidProduct" time="0.529"/>
  <testcase classname="com.qa.testcases.LogInPageTest" name="verifyLogInWithInvalidCredentials" time="1.058"/>
  <testcase classname="com.qa.testcases.LogInPageTest" name="verifyLogInWithValidCredentials" time="0.0">
    <ignored/>
  </testcase> <!-- verifyLogInWithValidCredentials -->
  <testcase classname="com.qa.testcases.RegisterPageTest" name="verifyRegisterAccountWithMandatoryFields" time="0.0">
    <ignored/>
  </testcase> <!-- verifyRegisterAccountWithMandatoryFields -->
  <testcase classname="com.qa.testcases.SearchPageTest" name="verifySearchWithValidProduct" time="0.0">
    <ignored/>
  </testcase> <!-- verifySearchWithValidProduct -->
</testsuite> <!-- Sanity Test -->
